<?xml version="1.0" encoding="UTF-8"?>
<testng-results ignored="0" total="2" passed="2" failed="0" skipped="0">
  <reporter-output>
  </reporter-output>
  <suite started-at="2022-02-02T19:57:16 IST" name="Default suite" finished-at="2022-02-02T19:58:32 IST" duration-ms="75923">
    <groups>
    </groups>
    <test started-at="2022-02-02T19:57:16 IST" name="Default test" finished-at="2022-02-02T19:58:32 IST" duration-ms="75923">
      <class name="Testpack.TestClass">
        <test-method is-config="true" signature="launchBrowser(java.lang.String)[pri:0, instance:Testpack.TestClass@3e84448c]" started-at="2022-02-02T19:57:16 IST" name="launchBrowser" finished-at="2022-02-02T19:57:31 IST" duration-ms="14841" status="PASS">
          <params>
            <param index="0">
              <value>
                <![CDATA[Firefox]]>
              </value>
            </param>
          </params>
          <reporter-output>
          </reporter-output>
        </test-method> <!-- launchBrowser -->
        <test-method is-config="true" signature="createObject()[pri:0, instance:Testpack.TestClass@3e84448c]" started-at="2022-02-02T19:57:31 IST" name="createObject" finished-at="2022-02-02T19:57:31 IST" duration-ms="74" status="PASS">
          <reporter-output>
          </reporter-output>
        </test-method> <!-- createObject -->
        <test-method is-config="true" signature="loginToUserAccount()[pri:0, instance:Testpack.TestClass@3e84448c]" started-at="2022-02-02T19:57:31 IST" name="loginToUserAccount" finished-at="2022-02-02T19:57:55 IST" duration-ms="24344" status="PASS">
          <reporter-output>
          </reporter-output>
        </test-method> <!-- loginToUserAccount -->
        <test-method signature="verifydashboard()[pri:0, instance:Testpack.TestClass@3e84448c]" started-at="2022-02-02T19:57:55 IST" name="verifydashboard" finished-at="2022-02-02T19:58:05 IST" duration-ms="9970" status="PASS">
          <reporter-output>
          </reporter-output>
        </test-method> <!-- verifydashboard -->
        <test-method is-config="true" signature="logoutAccount(org.testng.ITestResult)[pri:0, instance:Testpack.TestClass@3e84448c]" started-at="2022-02-02T19:58:05 IST" name="logoutAccount" finished-at="2022-02-02T19:58:14 IST" duration-ms="8472" status="PASS">
          <params>
            <param index="0">
              <value>
                <![CDATA[[TestResult name=verifydashboard status=SUCCESS method=TestClass.verifydashboard()[pri:0, instance:Testpack.TestClass@3e84448c] output={null}]]]>
              </value>
            </param>
          </params>
          <reporter-output>
          </reporter-output>
        </test-method> <!-- logoutAccount -->
        <test-method is-config="true" signature="loginToUserAccount()[pri:0, instance:Testpack.TestClass@3e84448c]" started-at="2022-02-02T19:58:14 IST" name="loginToUserAccount" finished-at="2022-02-02T19:58:18 IST" duration-ms="4592" status="PASS">
          <reporter-output>
          </reporter-output>
        </test-method> <!-- loginToUserAccount -->
        <test-method signature="verifyorder()[pri:0, instance:Testpack.TestClass@3e84448c]" started-at="2022-02-02T19:58:18 IST" name="verifyorder" finished-at="2022-02-02T19:58:19 IST" duration-ms="1040" status="PASS">
          <reporter-output>
          </reporter-output>
        </test-method> <!-- verifyorder -->
        <test-method is-config="true" signature="logoutAccount(org.testng.ITestResult)[pri:0, instance:Testpack.TestClass@3e84448c]" started-at="2022-02-02T19:58:19 IST" name="logoutAccount" finished-at="2022-02-02T19:58:28 IST" duration-ms="8205" status="PASS">
          <params>
            <param index="0">
              <value>
                <![CDATA[[TestResult name=verifyorder status=SUCCESS method=TestClass.verifyorder()[pri:0, instance:Testpack.TestClass@3e84448c] output={null}]]]>
              </value>
            </param>
          </params>
          <reporter-output>
          </reporter-output>
        </test-method> <!-- logoutAccount -->
        <test-method is-config="true" signature="clearObject()[pri:0, instance:Testpack.TestClass@3e84448c]" started-at="2022-02-02T19:58:28 IST" name="clearObject" finished-at="2022-02-02T19:58:28 IST" duration-ms="0" status="PASS">
          <reporter-output>
          </reporter-output>
        </test-method> <!-- clearObject -->
        <test-method is-config="true" signature="closedBrowser()[pri:0, instance:Testpack.TestClass@3e84448c]" started-at="2022-02-02T19:58:28 IST" name="closedBrowser" finished-at="2022-02-02T19:58:32 IST" duration-ms="4228" status="PASS">
          <reporter-output>
          </reporter-output>
        </test-method> <!-- closedBrowser -->
      </class> <!-- Testpack.TestClass -->
    </test> <!-- Default test -->
  </suite> <!-- Default suite -->
</testng-results>
